org/apache/commons/io/filefilter/FileFileFilter false
org/easymock/internal/matchers/Null false
org/apache/commons/lang3/CharUtilsTest false
org/apache/commons/lang3/text/StrTokenizer false
net/sf/cglib/asm/ClassWriter false
org/apache/commons/io/comparator/ExtensionFileComparator false
org/apache/commons/lang3/CharUtils false
org/apache/commons/io/input/ClosedInputStream false
net/sf/cglib/transform/impl/FieldProviderTransformer false
org/apache/commons/lang3/SerializationUtils$ClassLoaderAwareObjectInputStream false
org/apache/commons/io/HexDump false
org/objenesis/instantiator/basic/ObjectInputStreamInstantiator$MockStream false
net/sf/cglib/beans/BulkBeanEmitter false
org/apache/commons/io/output/XmlStreamWriter false
org/apache/commons/lang3/StringEscapeUtilsTest false
org/easymock/Capture$1 false
org/apache/commons/lang3/ArrayUtils false
net/sf/cglib/reflect/ConstructorDelegate$Generator false
org/apache/commons/lang3/CharSet false
org/apache/commons/io/comparator/SizeFileComparator false
org/apache/commons/lang3/builder/StandardToStringStyleTest false
net/sf/cglib/core/ClassesKey false
net/sf/cglib/proxy/FixedValueGenerator false
org/apache/commons/lang3/time/DateUtilsTest false
org/apache/commons/lang3/time/FastDatePrinter$TwoDigitYearField false
net/sf/cglib/core/DebuggingClassWriter false
org/apache/commons/lang3/concurrent/ConstantInitializerTest false
net/sf/cglib/proxy/LazyLoaderGenerator false
org/apache/commons/lang3/time/FastDateParserTest false
org/apache/commons/lang3/time/DateUtils false
org/apache/commons/io/comparator/NameFileComparator false
org/apache/commons/lang3/Conversion false
net/sf/cglib/proxy/Proxy false
org/apache/commons/io/filefilter/CanWriteFileFilter false
net/sf/cglib/reflect/MulticastDelegate$Generator false
org/easymock/internal/ReflectionUtils false
net/sf/cglib/asm/Frame false
org/easymock/internal/ClassInstantiatorFactory false
net/sf/cglib/proxy/Enhancer false
org/apache/commons/lang3/text/StrMatcherTest false
org/easymock/internal/MethodSerializationWrapper false
org/apache/commons/lang3/LocaleUtils false
org/apache/commons/lang3/time/FastDatePrinter$UnpaddedMonthField false
org/apache/commons/io/output/NullOutputStream false
org/apache/commons/lang3/time/FastDatePrinter false
org/apache/commons/lang3/LocaleUtilsTest false
org/apache/commons/lang3/text/translate/EntityArrays false
net/sf/cglib/proxy/NoOpGenerator false
net/sf/cglib/core/ReflectUtils false
org/easymock/internal/MocksControl false
org/easymock/internal/matchers/NotNull false
org/apache/commons/lang3/AnnotationUtils false
org/objenesis/ObjenesisHelper false
net/sf/cglib/core/MethodWrapper false
org/apache/commons/lang3/math/Fraction false
org/apache/commons/io/filefilter/TrueFileFilter false
net/sf/cglib/core/MethodInfoTransformer false
net/sf/cglib/core/TinyBitSet false
org/apache/commons/lang3/LocaleUtils$SyncAvoid false
org/apache/commons/lang3/StringEscapeUtils$CsvUnescaper false
org/apache/commons/io/comparator/LastModifiedFileComparator false
org/objenesis/ObjenesisException false
net/sf/cglib/transform/impl/InterceptFieldTransformer false
org/apache/commons/io/FileCleaner false
org/apache/commons/lang3/time/FastDatePrinterTest false
org/apache/commons/lang3/time/FastDatePrinter$TwoDigitMonthField false
org/apache/commons/lang3/text/StrBuilderAppendInsertTest false
org/apache/commons/io/FileSystemUtils false
net/sf/cglib/reflect/FastClassEmitter false
org/apache/commons/lang3/concurrent/TimedSemaphoreTest false
org/apache/commons/io/FileDeleteStrategy false
org/apache/commons/lang3/ObjectUtils false
net/sf/cglib/reflect/MethodDelegate$Generator false
org/easymock/internal/LastControl false
org/apache/commons/lang3/concurrent/CallableBackgroundInitializerTest false
org/objenesis/instantiator/jrockit/JRockitLegacyInstantiator false
net/sf/cglib/core/ClassNameReader false
net/sf/cglib/beans/BeanCopier$Generator false
org/apache/commons/io/filefilter/HiddenFileFilter false
org/apache/commons/lang3/CharUtilsPerfRun false
org/apache/commons/io/Charsets false
org/apache/commons/io/input/BOMInputStream false
net/sf/cglib/transform/impl/AddDelegateTransformer false
org/apache/commons/lang3/StringUtilsEqualsIndexOfTest false
org/apache/commons/io/filefilter/DirectoryFileFilter false
org/apache/commons/lang3/time/FastDateFormat false
net/sf/cglib/proxy/DispatcherGenerator false
org/easymock/internal/matchers/Any false
net/sf/cglib/reflect/FastClass$Generator false
org/apache/commons/lang3/math/NumberUtils false
org/apache/commons/lang3/time/FastDatePrinter$TimeZoneNumberRule false
org/apache/commons/io/filefilter/FileFilterUtils false
org/apache/commons/lang3/BitFieldTest false
net/sf/cglib/proxy/MixinEmitter false
net/sf/cglib/asm/Type false
net/sf/cglib/beans/BeanMap$Generator false
org/apache/commons/lang3/RandomStringUtils false
org/apache/commons/lang3/StringUtilsTest false
org/apache/commons/lang3/StringEscapeUtils$CsvEscaper false
org/apache/commons/lang3/time/DurationFormatUtils false
net/sf/cglib/core/TypeUtils false
net/sf/cglib/core/DefaultGeneratorStrategy false
net/sf/cglib/transform/impl/UndeclaredThrowableStrategy false
org/apache/commons/lang3/SystemUtils false
net/sf/cglib/util/ParallelSorterEmitter false
org/apache/commons/lang3/time/DateFormatUtils false
org/apache/commons/lang3/exception/ExceptionUtils false
net/sf/cglib/proxy/InterfaceMaker false
net/sf/cglib/core/KeyFactory$Generator false
org/apache/commons/lang3/StringUtils false
org/hamcrest/core/DescribedAs false
org/apache/commons/io/ByteOrderMark false
org/apache/commons/lang3/StringEscapeUtils false
org/apache/commons/lang3/builder/ToStringStyleConcurrencyTest false
org/apache/commons/lang3/text/translate/OctalUnescaper false
org/apache/commons/io/FilenameUtils false
org/apache/commons/io/filefilter/CanReadFileFilter false
net/sf/cglib/core/EmitUtils false
net/sf/cglib/proxy/InvocationHandlerGenerator false
net/sf/cglib/proxy/Mixin$Generator false
org/apache/commons/lang3/text/StrSubstitutor false
org/easymock/internal/ClassExtensionHelper false
org/apache/commons/lang3/text/ExtendedMessageFormatTest$UpperCaseFormatFactory false
org/apache/commons/lang3/builder/HashCodeBuilder false
org/apache/commons/lang3/ClassUtils false
org/apache/commons/lang3/builder/EqualsBuilder false
org/easymock/internal/BridgeMethodResolver false
org/apache/commons/io/comparator/DefaultFileComparator false
org/apache/commons/io/filefilter/FalseFileFilter false
net/sf/cglib/beans/BeanMapEmitter false
org/apache/commons/io/IOUtils false
org/apache/commons/lang3/builder/ToStringBuilder false
org/apache/commons/io/FileUtils false
org/apache/commons/io/output/ClosedOutputStream false
org/apache/commons/lang3/reflect/FieldUtilsTest false
org/apache/commons/lang3/text/ExtendedMessageFormatTest$LowerCaseFormatFactory false
net/sf/cglib/beans/BulkBean$Generator false
net/sf/cglib/util/ParallelSorter$Generator false
org/apache/commons/lang3/text/StrBuilderTest false
org/apache/commons/io/comparator/PathFileComparator false
net/sf/cglib/core/DefaultNamingPolicy false
org/apache/commons/io/filefilter/EmptyFileFilter false
net/sf/cglib/beans/ImmutableBean false
org/apache/commons/io/comparator/DirectoryFileComparator false
net/sf/cglib/beans/ImmutableBean$Generator false
net/sf/cglib/proxy/MethodInterceptorGenerator false
org/apache/commons/io/output/ByteArrayOutputStream false
net/sf/cglib/core/CodeEmitter false
org/easymock/internal/RecordState false
org/apache/commons/io/output/NullWriter false
net/sf/cglib/proxy/CallbackInfo false
org/apache/commons/io/monitor/FileEntry false
org/apache/commons/io/IOCase false
org/apache/commons/lang3/time/FastDateParser false
org/easymock/internal/ClassProxyFactory false
net/sf/cglib/util/StringSwitcher$Generator false
net/sf/cglib/beans/BeanGenerator false
org/apache/commons/io/input/XmlStreamReader false
org/apache/commons/io/comparator/CompositeFileComparator false
